app/build/outputs/logs/manifest-merger-debug-report.txt
-- Merging decision tree log ---
manifest
ADDED from src/main/AndroidManifest.xml:5:1-77:12
INJECTED from src/main/AndroidManifest.xml:5:1-77:12
INJECTED from src/main/AndroidManifest.xml:5:1-77:12
INJECTED from src/main/AndroidManifest.xml:5:1-77:12
INJECTED from src/main/AndroidManifest.xml:5:1-77:12
INJECTED from src/main/AndroidManifest.xml:5:1-77:12
INJECTED from src/main/AndroidManifest.xml:5:1-77:12
	package
		ADDED from src/main/AndroidManifest.xml:7:5-29
		INJECTED from src/main/AndroidManifest.xml
		INJECTED from src/main/AndroidManifest.xml
	android:versionName
		ADDED from src/main/AndroidManifest.xml:9:5-30
		INJECTED from src/main/AndroidManifest.xml
		INJECTED from src/main/AndroidManifest.xml
	xmlns:tools
		ADDED from src/main/AndroidManifest.xml:6:5-51
	xmlns:android
		ADDED from src/main/AndroidManifest.xml:5:11-69
	android:versionCode
		ADDED from src/main/AndroidManifest.xml:8:5-28
		INJECTED from src/main/AndroidManifest.xml
		INJECTED from src/main/AndroidManifest.xml
	android:installLocation
		ADDED from src/main/AndroidManifest.xml:10:5-35
uses-feature#0x00020000
ADDED from src/main/AndroidManifest.xml:13:5-54
	android:glEsVersion
		ADDED from src/main/AndroidManifest.xml:13:19-51
uses-feature#android.hardware.touchscreen
ADDED from src/main/AndroidManifest.xml:16:5-18:36
	android:required
		ADDED from src/main/AndroidManifest.xml:18:9-33
	android:name
		ADDED from src/main/AndroidManifest.xml:17:9-52
uses-feature#android.hardware.gamepad
ADDED from src/main/AndroidManifest.xml:21:5-23:36
	android:required
		ADDED from src/main/AndroidManifest.xml:23:9-33
	android:name
		ADDED from src/main/AndroidManifest.xml:22:9-48
uses-feature#android.hardware.type.pc
ADDED from src/main/AndroidManifest.xml:26:5-28:36
	android:required
		ADDED from src/main/AndroidManifest.xml:28:9-33
	android:name
		ADDED from src/main/AndroidManifest.xml:27:9-48
uses-permission#android.permission.WRITE_EXTERNAL_STORAGE
ADDED from src/main/AndroidManifest.xml:31:5-81
	android:name
		ADDED from src/main/AndroidManifest.xml:31:22-78
uses-permission#android.permission.VIBRATE
ADDED from src/main/AndroidManifest.xml:33:5-66
	android:name
		ADDED from src/main/AndroidManifest.xml:33:22-63
application
ADDED from src/main/AndroidManifest.xml:46:5-75:19
	android:label
		ADDED from src/main/AndroidManifest.xml:46:18-50
	android:hardwareAccelerated
		ADDED from src/main/AndroidManifest.xml:50:9-43
	tools:ignore
		ADDED from src/main/AndroidManifest.xml:51:9-48
	android:icon
		ADDED from src/main/AndroidManifest.xml:47:9-43
	android:allowBackup
		ADDED from src/main/AndroidManifest.xml:48:9-35
	android:theme
		ADDED from src/main/AndroidManifest.xml:49:9-67
activity#org.libsdl.app.SDLActivity
ADDED from src/main/AndroidManifest.xml:57:9-74:20
	android:screenOrientation
		ADDED from src/main/AndroidManifest.xml:60:13-56
	android:label
		ADDED from src/main/AndroidManifest.xml:58:13-45
	android:configChanges
		ADDED from src/main/AndroidManifest.xml:59:13-83
	android:name
		ADDED from src/main/AndroidManifest.xml:57:19-45
intent-filter#action:name:android.intent.action.MAIN+category:name:android.intent.category.LAUNCHER
ADDED from src/main/AndroidManifest.xml:62:13-65:29
action#android.intent.action.MAIN
ADDED from src/main/AndroidManifest.xml:63:17-69
	android:name
		ADDED from src/main/AndroidManifest.xml:63:25-66
category#android.intent.category.LAUNCHER
ADDED from src/main/AndroidManifest.xml:64:17-77
	android:name
		ADDED from src/main/AndroidManifest.xml:64:27-74
uses-sdk
INJECTED from src/main/AndroidManifest.xml reason: use-sdk injection requested
INJECTED from src/main/AndroidManifest.xml
INJECTED from src/main/AndroidManifest.xml
INJECTED from src/main/AndroidManifest.xml
INJECTED from src/main/AndroidManifest.xml
	android:targetSdkVersion
		INJECTED from src/main/AndroidManifest.xml
		ADDED from src/main/AndroidManifest.xml
		INJECTED from src/main/AndroidManifest.xml
	android:minSdkVersion
		INJECTED from src/main/AndroidManifest.xml
		ADDED from src/main/AndroidManifest.xml
		INJECTED from src/main/AndroidManifest.xml